============================= test session starts =============================
platform win32 -- Python 3.13.7, pytest-9.0.1, pluggy-1.6.0 -- C:\Users\hiro2\AppData\Local\Programs\Python\Python313\python.exe
cachedir: .pytest_cache
PySide6 6.9.3 -- Qt runtime 6.9.3 -- Qt compiled 6.9.3
rootdir: E:\Research\Calculation\moleditpy\DEV_MAIN\python_molecular_editor
plugins: anyio-4.12.0, cov-7.0.0, mock-3.15.1, qt-4.5.0, timeout-2.4.0
timeout: 60.0s
timeout method: thread
timeout func_only: False
collecting ... collected 260 items / 2 errors

=================================== ERRORS ====================================
_____________________ ERROR collecting tests/integration ______________________
C:\Users\hiro2\AppData\Local\Programs\Python\Python313\Lib\importlib\__init__.py:88: in import_module
    return _bootstrap._gcd_import(name[level:], package, level)
           ^^^^^^^^^^^^^^^^^^^^^^^^^^^^^^^^^^^^^^^^^^^^^^^^^^^^
<frozen importlib._bootstrap>:1387: in _gcd_import
    ???
<frozen importlib._bootstrap>:1360: in _find_and_load
    ???
<frozen importlib._bootstrap>:1331: in _find_and_load_unlocked
    ???
<frozen importlib._bootstrap>:935: in _load_unlocked
    ???
C:\Users\hiro2\AppData\Local\Programs\Python\Python313\Lib\site-packages\_pytest\assertion\rewrite.py:197: in exec_module
    exec(co, module.__dict__)
tests\integration\conftest.py:93: in <module>
    class DummyQtInteractorMock(QWidget if 'PyQt6.QtWidgets' in sys.modules else object):
                                ^^^^^^^
E   NameError: name 'QWidget' is not defined
_____________ ERROR collecting tests/unit/test_plugin_manager.py ______________
import file mismatch:
imported module 'test_plugin_manager' has this __file__ attribute:
  E:\Research\Calculation\moleditpy\DEV_MAIN\python_molecular_editor\tests\gui\test_plugin_manager.py
which is not the same as the test file we want to collect:
  E:\Research\Calculation\moleditpy\DEV_MAIN\python_molecular_editor\tests\unit\test_plugin_manager.py
HINT: remove __pycache__ / .pyc files and/or use a unique basename for your test file modules
============================== warnings summary ===============================
<frozen importlib._bootstrap>:488
  <frozen importlib._bootstrap>:488: DeprecationWarning: builtin type SwigPyPacked has no __module__ attribute

<frozen importlib._bootstrap>:488
  <frozen importlib._bootstrap>:488: DeprecationWarning: builtin type SwigPyObject has no __module__ attribute

<frozen importlib._bootstrap>:488
  <frozen importlib._bootstrap>:488: DeprecationWarning: builtin type swigvarlink has no __module__ attribute

tests\gui\test_main_app.py:103
  E:\Research\Calculation\moleditpy\DEV_MAIN\python_molecular_editor\tests\gui\test_main_app.py:103: PytestUnknownMarkWarning: Unknown pytest.mark.unit - is this a typo?  You can register custom marks to avoid this warning - for details, see https://docs.pytest.org/en/stable/how-to/mark.html
    @pytest.mark.unit

tests\gui\test_main_app.py:115
  E:\Research\Calculation\moleditpy\DEV_MAIN\python_molecular_editor\tests\gui\test_main_app.py:115: PytestUnknownMarkWarning: Unknown pytest.mark.unit - is this a typo?  You can register custom marks to avoid this warning - for details, see https://docs.pytest.org/en/stable/how-to/mark.html
    @pytest.mark.unit

tests\gui\test_main_app.py:131
  E:\Research\Calculation\moleditpy\DEV_MAIN\python_molecular_editor\tests\gui\test_main_app.py:131: PytestUnknownMarkWarning: Unknown pytest.mark.unit - is this a typo?  You can register custom marks to avoid this warning - for details, see https://docs.pytest.org/en/stable/how-to/mark.html
    @pytest.mark.unit

tests\gui\test_main_app.py:147
  E:\Research\Calculation\moleditpy\DEV_MAIN\python_molecular_editor\tests\gui\test_main_app.py:147: PytestUnknownMarkWarning: Unknown pytest.mark.unit - is this a typo?  You can register custom marks to avoid this warning - for details, see https://docs.pytest.org/en/stable/how-to/mark.html
    @pytest.mark.unit

tests\gui\test_main_app.py:171
  E:\Research\Calculation\moleditpy\DEV_MAIN\python_molecular_editor\tests\gui\test_main_app.py:171: PytestUnknownMarkWarning: Unknown pytest.mark.unit - is this a typo?  You can register custom marks to avoid this warning - for details, see https://docs.pytest.org/en/stable/how-to/mark.html
    @pytest.mark.unit

tests\gui\test_main_app.py:188
  E:\Research\Calculation\moleditpy\DEV_MAIN\python_molecular_editor\tests\gui\test_main_app.py:188: PytestUnknownMarkWarning: Unknown pytest.mark.unit - is this a typo?  You can register custom marks to avoid this warning - for details, see https://docs.pytest.org/en/stable/how-to/mark.html
    @pytest.mark.unit

tests\gui\test_main_app.py:227
  E:\Research\Calculation\moleditpy\DEV_MAIN\python_molecular_editor\tests\gui\test_main_app.py:227: PytestUnknownMarkWarning: Unknown pytest.mark.unit - is this a typo?  You can register custom marks to avoid this warning - for details, see https://docs.pytest.org/en/stable/how-to/mark.html
    @pytest.mark.unit

tests\gui\test_main_app.py:265
  E:\Research\Calculation\moleditpy\DEV_MAIN\python_molecular_editor\tests\gui\test_main_app.py:265: PytestUnknownMarkWarning: Unknown pytest.mark.gui - is this a typo?  You can register custom marks to avoid this warning - for details, see https://docs.pytest.org/en/stable/how-to/mark.html
    @pytest.mark.gui

tests\gui\test_main_app.py:273
  E:\Research\Calculation\moleditpy\DEV_MAIN\python_molecular_editor\tests\gui\test_main_app.py:273: PytestUnknownMarkWarning: Unknown pytest.mark.gui - is this a typo?  You can register custom marks to avoid this warning - for details, see https://docs.pytest.org/en/stable/how-to/mark.html
    @pytest.mark.gui

tests\gui\test_main_app.py:292
  E:\Research\Calculation\moleditpy\DEV_MAIN\python_molecular_editor\tests\gui\test_main_app.py:292: PytestUnknownMarkWarning: Unknown pytest.mark.gui - is this a typo?  You can register custom marks to avoid this warning - for details, see https://docs.pytest.org/en/stable/how-to/mark.html
    @pytest.mark.gui

tests\gui\test_main_app.py:309
  E:\Research\Calculation\moleditpy\DEV_MAIN\python_molecular_editor\tests\gui\test_main_app.py:309: PytestUnknownMarkWarning: Unknown pytest.mark.gui - is this a typo?  You can register custom marks to avoid this warning - for details, see https://docs.pytest.org/en/stable/how-to/mark.html
    @pytest.mark.gui

tests\gui\test_main_app.py:327
  E:\Research\Calculation\moleditpy\DEV_MAIN\python_molecular_editor\tests\gui\test_main_app.py:327: PytestUnknownMarkWarning: Unknown pytest.mark.gui - is this a typo?  You can register custom marks to avoid this warning - for details, see https://docs.pytest.org/en/stable/how-to/mark.html
    @pytest.mark.gui

tests\gui\test_main_app.py:353
  E:\Research\Calculation\moleditpy\DEV_MAIN\python_molecular_editor\tests\gui\test_main_app.py:353: PytestUnknownMarkWarning: Unknown pytest.mark.gui - is this a typo?  You can register custom marks to avoid this warning - for details, see https://docs.pytest.org/en/stable/how-to/mark.html
    @pytest.mark.gui

tests\gui\test_main_app.py:376
  E:\Research\Calculation\moleditpy\DEV_MAIN\python_molecular_editor\tests\gui\test_main_app.py:376: PytestUnknownMarkWarning: Unknown pytest.mark.gui - is this a typo?  You can register custom marks to avoid this warning - for details, see https://docs.pytest.org/en/stable/how-to/mark.html
    @pytest.mark.gui

tests\gui\test_main_app.py:400
  E:\Research\Calculation\moleditpy\DEV_MAIN\python_molecular_editor\tests\gui\test_main_app.py:400: PytestUnknownMarkWarning: Unknown pytest.mark.gui - is this a typo?  You can register custom marks to avoid this warning - for details, see https://docs.pytest.org/en/stable/how-to/mark.html
    @pytest.mark.gui

tests\gui\test_main_app.py:425
  E:\Research\Calculation\moleditpy\DEV_MAIN\python_molecular_editor\tests\gui\test_main_app.py:425: PytestUnknownMarkWarning: Unknown pytest.mark.gui - is this a typo?  You can register custom marks to avoid this warning - for details, see https://docs.pytest.org/en/stable/how-to/mark.html
    @pytest.mark.gui

tests\gui\test_main_app.py:441
  E:\Research\Calculation\moleditpy\DEV_MAIN\python_molecular_editor\tests\gui\test_main_app.py:441: PytestUnknownMarkWarning: Unknown pytest.mark.gui - is this a typo?  You can register custom marks to avoid this warning - for details, see https://docs.pytest.org/en/stable/how-to/mark.html
    @pytest.mark.gui

tests\gui\test_main_app.py:474
  E:\Research\Calculation\moleditpy\DEV_MAIN\python_molecular_editor\tests\gui\test_main_app.py:474: PytestUnknownMarkWarning: Unknown pytest.mark.gui - is this a typo?  You can register custom marks to avoid this warning - for details, see https://docs.pytest.org/en/stable/how-to/mark.html
    @pytest.mark.gui

tests\gui\test_main_app.py:506
  E:\Research\Calculation\moleditpy\DEV_MAIN\python_molecular_editor\tests\gui\test_main_app.py:506: PytestUnknownMarkWarning: Unknown pytest.mark.gui - is this a typo?  You can register custom marks to avoid this warning - for details, see https://docs.pytest.org/en/stable/how-to/mark.html
    @pytest.mark.gui

tests\gui\test_main_app.py:528
  E:\Research\Calculation\moleditpy\DEV_MAIN\python_molecular_editor\tests\gui\test_main_app.py:528: PytestUnknownMarkWarning: Unknown pytest.mark.gui - is this a typo?  You can register custom marks to avoid this warning - for details, see https://docs.pytest.org/en/stable/how-to/mark.html
    @pytest.mark.gui

tests\gui\test_main_app.py:551
  E:\Research\Calculation\moleditpy\DEV_MAIN\python_molecular_editor\tests\gui\test_main_app.py:551: PytestUnknownMarkWarning: Unknown pytest.mark.gui - is this a typo?  You can register custom marks to avoid this warning - for details, see https://docs.pytest.org/en/stable/how-to/mark.html
    @pytest.mark.gui

tests\gui\test_main_app.py:596
  E:\Research\Calculation\moleditpy\DEV_MAIN\python_molecular_editor\tests\gui\test_main_app.py:596: PytestUnknownMarkWarning: Unknown pytest.mark.gui - is this a typo?  You can register custom marks to avoid this warning - for details, see https://docs.pytest.org/en/stable/how-to/mark.html
    @pytest.mark.gui

tests\gui\test_main_app.py:626
  E:\Research\Calculation\moleditpy\DEV_MAIN\python_molecular_editor\tests\gui\test_main_app.py:626: PytestUnknownMarkWarning: Unknown pytest.mark.gui - is this a typo?  You can register custom marks to avoid this warning - for details, see https://docs.pytest.org/en/stable/how-to/mark.html
    @pytest.mark.gui

tests\gui\test_main_app.py:669
  E:\Research\Calculation\moleditpy\DEV_MAIN\python_molecular_editor\tests\gui\test_main_app.py:669: PytestUnknownMarkWarning: Unknown pytest.mark.gui - is this a typo?  You can register custom marks to avoid this warning - for details, see https://docs.pytest.org/en/stable/how-to/mark.html
    @pytest.mark.gui

tests\gui\test_main_app.py:687
  E:\Research\Calculation\moleditpy\DEV_MAIN\python_molecular_editor\tests\gui\test_main_app.py:687: PytestUnknownMarkWarning: Unknown pytest.mark.gui - is this a typo?  You can register custom marks to avoid this warning - for details, see https://docs.pytest.org/en/stable/how-to/mark.html
    @pytest.mark.gui

tests\gui\test_main_app.py:720
  E:\Research\Calculation\moleditpy\DEV_MAIN\python_molecular_editor\tests\gui\test_main_app.py:720: PytestUnknownMarkWarning: Unknown pytest.mark.gui - is this a typo?  You can register custom marks to avoid this warning - for details, see https://docs.pytest.org/en/stable/how-to/mark.html
    @pytest.mark.gui

tests\gui\test_main_app.py:753
  E:\Research\Calculation\moleditpy\DEV_MAIN\python_molecular_editor\tests\gui\test_main_app.py:753: PytestUnknownMarkWarning: Unknown pytest.mark.gui - is this a typo?  You can register custom marks to avoid this warning - for details, see https://docs.pytest.org/en/stable/how-to/mark.html
    @pytest.mark.gui

tests\gui\test_main_app.py:777
  E:\Research\Calculation\moleditpy\DEV_MAIN\python_molecular_editor\tests\gui\test_main_app.py:777: PytestUnknownMarkWarning: Unknown pytest.mark.gui - is this a typo?  You can register custom marks to avoid this warning - for details, see https://docs.pytest.org/en/stable/how-to/mark.html
    @pytest.mark.gui

tests\gui\test_main_app.py:802
  E:\Research\Calculation\moleditpy\DEV_MAIN\python_molecular_editor\tests\gui\test_main_app.py:802: PytestUnknownMarkWarning: Unknown pytest.mark.gui - is this a typo?  You can register custom marks to avoid this warning - for details, see https://docs.pytest.org/en/stable/how-to/mark.html
    @pytest.mark.gui

tests\gui\test_main_app.py:832
  E:\Research\Calculation\moleditpy\DEV_MAIN\python_molecular_editor\tests\gui\test_main_app.py:832: PytestUnknownMarkWarning: Unknown pytest.mark.gui - is this a typo?  You can register custom marks to avoid this warning - for details, see https://docs.pytest.org/en/stable/how-to/mark.html
    @pytest.mark.gui

tests\gui\test_main_app.py:848
  E:\Research\Calculation\moleditpy\DEV_MAIN\python_molecular_editor\tests\gui\test_main_app.py:848: PytestUnknownMarkWarning: Unknown pytest.mark.gui - is this a typo?  You can register custom marks to avoid this warning - for details, see https://docs.pytest.org/en/stable/how-to/mark.html
    @pytest.mark.gui

tests\gui\test_main_app.py:871
  E:\Research\Calculation\moleditpy\DEV_MAIN\python_molecular_editor\tests\gui\test_main_app.py:871: PytestUnknownMarkWarning: Unknown pytest.mark.gui - is this a typo?  You can register custom marks to avoid this warning - for details, see https://docs.pytest.org/en/stable/how-to/mark.html
    @pytest.mark.gui

tests\gui\test_main_app.py:894
  E:\Research\Calculation\moleditpy\DEV_MAIN\python_molecular_editor\tests\gui\test_main_app.py:894: PytestUnknownMarkWarning: Unknown pytest.mark.gui - is this a typo?  You can register custom marks to avoid this warning - for details, see https://docs.pytest.org/en/stable/how-to/mark.html
    @pytest.mark.gui

tests\gui\test_main_app.py:936
  E:\Research\Calculation\moleditpy\DEV_MAIN\python_molecular_editor\tests\gui\test_main_app.py:936: PytestUnknownMarkWarning: Unknown pytest.mark.gui - is this a typo?  You can register custom marks to avoid this warning - for details, see https://docs.pytest.org/en/stable/how-to/mark.html
    @pytest.mark.gui

tests\gui\test_main_app.py:998
  E:\Research\Calculation\moleditpy\DEV_MAIN\python_molecular_editor\tests\gui\test_main_app.py:998: PytestUnknownMarkWarning: Unknown pytest.mark.gui - is this a typo?  You can register custom marks to avoid this warning - for details, see https://docs.pytest.org/en/stable/how-to/mark.html
    @pytest.mark.gui

tests\gui\test_main_app.py:1047
  E:\Research\Calculation\moleditpy\DEV_MAIN\python_molecular_editor\tests\gui\test_main_app.py:1047: PytestUnknownMarkWarning: Unknown pytest.mark.gui - is this a typo?  You can register custom marks to avoid this warning - for details, see https://docs.pytest.org/en/stable/how-to/mark.html
    @pytest.mark.gui

tests\gui\test_main_app.py:1077
  E:\Research\Calculation\moleditpy\DEV_MAIN\python_molecular_editor\tests\gui\test_main_app.py:1077: PytestUnknownMarkWarning: Unknown pytest.mark.gui - is this a typo?  You can register custom marks to avoid this warning - for details, see https://docs.pytest.org/en/stable/how-to/mark.html
    @pytest.mark.gui

tests\gui\test_main_app.py:1112
  E:\Research\Calculation\moleditpy\DEV_MAIN\python_molecular_editor\tests\gui\test_main_app.py:1112: PytestUnknownMarkWarning: Unknown pytest.mark.gui - is this a typo?  You can register custom marks to avoid this warning - for details, see https://docs.pytest.org/en/stable/how-to/mark.html
    @pytest.mark.gui

tests\gui\test_main_app.py:1178
  E:\Research\Calculation\moleditpy\DEV_MAIN\python_molecular_editor\tests\gui\test_main_app.py:1178: PytestUnknownMarkWarning: Unknown pytest.mark.gui - is this a typo?  You can register custom marks to avoid this warning - for details, see https://docs.pytest.org/en/stable/how-to/mark.html
    @pytest.mark.gui

tests\gui\test_main_app.py:1234
  E:\Research\Calculation\moleditpy\DEV_MAIN\python_molecular_editor\tests\gui\test_main_app.py:1234: PytestUnknownMarkWarning: Unknown pytest.mark.gui - is this a typo?  You can register custom marks to avoid this warning - for details, see https://docs.pytest.org/en/stable/how-to/mark.html
    @pytest.mark.gui

tests\gui\test_main_app.py:1323
  E:\Research\Calculation\moleditpy\DEV_MAIN\python_molecular_editor\tests\gui\test_main_app.py:1323: PytestUnknownMarkWarning: Unknown pytest.mark.gui - is this a typo?  You can register custom marks to avoid this warning - for details, see https://docs.pytest.org/en/stable/how-to/mark.html
    @pytest.mark.gui

tests\gui\test_main_app.py:1358
  E:\Research\Calculation\moleditpy\DEV_MAIN\python_molecular_editor\tests\gui\test_main_app.py:1358: PytestUnknownMarkWarning: Unknown pytest.mark.gui - is this a typo?  You can register custom marks to avoid this warning - for details, see https://docs.pytest.org/en/stable/how-to/mark.html
    @pytest.mark.gui

tests\gui\test_main_app.py:1391
  E:\Research\Calculation\moleditpy\DEV_MAIN\python_molecular_editor\tests\gui\test_main_app.py:1391: PytestUnknownMarkWarning: Unknown pytest.mark.gui - is this a typo?  You can register custom marks to avoid this warning - for details, see https://docs.pytest.org/en/stable/how-to/mark.html
    @pytest.mark.gui

tests\gui\test_main_app.py:1422
  E:\Research\Calculation\moleditpy\DEV_MAIN\python_molecular_editor\tests\gui\test_main_app.py:1422: PytestUnknownMarkWarning: Unknown pytest.mark.gui - is this a typo?  You can register custom marks to avoid this warning - for details, see https://docs.pytest.org/en/stable/how-to/mark.html
    @pytest.mark.gui

tests\gui\test_main_app.py:1480
  E:\Research\Calculation\moleditpy\DEV_MAIN\python_molecular_editor\tests\gui\test_main_app.py:1480: PytestUnknownMarkWarning: Unknown pytest.mark.gui - is this a typo?  You can register custom marks to avoid this warning - for details, see https://docs.pytest.org/en/stable/how-to/mark.html
    @pytest.mark.gui

tests\gui\test_main_app.py:1510
  E:\Research\Calculation\moleditpy\DEV_MAIN\python_molecular_editor\tests\gui\test_main_app.py:1510: PytestUnknownMarkWarning: Unknown pytest.mark.gui - is this a typo?  You can register custom marks to avoid this warning - for details, see https://docs.pytest.org/en/stable/how-to/mark.html
    @pytest.mark.gui

tests\gui\test_main_app.py:1534
  E:\Research\Calculation\moleditpy\DEV_MAIN\python_molecular_editor\tests\gui\test_main_app.py:1534: PytestUnknownMarkWarning: Unknown pytest.mark.gui - is this a typo?  You can register custom marks to avoid this warning - for details, see https://docs.pytest.org/en/stable/how-to/mark.html
    @pytest.mark.gui

tests\gui\test_main_app.py:1560
  E:\Research\Calculation\moleditpy\DEV_MAIN\python_molecular_editor\tests\gui\test_main_app.py:1560: PytestUnknownMarkWarning: Unknown pytest.mark.gui - is this a typo?  You can register custom marks to avoid this warning - for details, see https://docs.pytest.org/en/stable/how-to/mark.html
    @pytest.mark.gui

tests\gui\test_main_app.py:1580
  E:\Research\Calculation\moleditpy\DEV_MAIN\python_molecular_editor\tests\gui\test_main_app.py:1580: PytestUnknownMarkWarning: Unknown pytest.mark.gui - is this a typo?  You can register custom marks to avoid this warning - for details, see https://docs.pytest.org/en/stable/how-to/mark.html
    @pytest.mark.gui

-- Docs: https://docs.pytest.org/en/stable/how-to/capture-warnings.html
=========================== short test summary info ===========================
ERROR tests/integration - NameError: name 'QWidget' is not defined
ERROR tests/unit/test_plugin_manager.py
!!!!!!!!!!!!!!!!!!! Interrupted: 2 errors during collection !!!!!!!!!!!!!!!!!!!
======================= 52 warnings, 2 errors in 1.17s ========================
